[2023-01-18T23:30:56.792] [WARN] default - { rute: '/favicon.ico', method: 'GET' }
[2023-01-18T23:31:13.072] [WARN] default - { rute: '/user/register', method: 'GET' }
[2023-01-18T23:31:13.406] [WARN] default - { rute: '/favicon.ico', method: 'GET' }
[2023-01-18T23:31:14.865] [WARN] default - { rute: '/user/register', method: 'GET' }
[2023-01-18T23:31:15.160] [WARN] default - { rute: '/favicon.ico', method: 'GET' }
[2023-01-18T23:32:04.151] [WARN] default - { rute: '/favicon.ico', method: 'GET' }
[2023-01-18T23:32:20.240] [WARN] default - { rute: '/user/style.css', method: 'GET' }
[2023-01-18T23:32:20.248] [WARN] default - { rute: '/user/index.js', method: 'GET' }
[2023-01-18T23:32:20.957] [WARN] default - { rute: '/favicon.ico', method: 'GET' }
[2023-01-18T23:33:41.407] [WARN] default - { rute: '/favicon.ico', method: 'GET' }
[2023-01-18T23:37:41.351] [WARN] default - { rute: '/favicon.ico', method: 'GET' }
[2023-01-18T23:38:54.109] [WARN] default - { rute: '/favicon.ico', method: 'GET' }
[2023-01-18T23:41:10.768] [WARN] default - { rute: '/favicon.ico', method: 'GET' }
[2023-01-18T23:41:11.528] [WARN] default - { rute: '/favicon.ico', method: 'GET' }
[2023-01-18T23:42:23.221] [WARN] default - { rute: '/favicon.ico', method: 'GET' }
[2023-01-18T23:42:45.544] [WARN] default - { rute: '/favicon.ico', method: 'GET' }
[2023-01-18T23:44:10.479] [WARN] default - { rute: '/favicon.ico', method: 'GET' }
[2023-01-18T23:44:17.589] [ERROR] default - { rute: '/user/errorLogin', method: 'GET' }
[2023-01-18T23:44:17.738] [WARN] default - { rute: '/user/index.js', method: 'GET' }
[2023-01-18T23:44:17.741] [WARN] default - { rute: '/user/style.css', method: 'GET' }
[2023-01-18T23:44:18.456] [WARN] default - { rute: '/favicon.ico', method: 'GET' }
[2023-01-18T23:44:21.204] [WARN] default - { rute: '/favicon.ico', method: 'GET' }
[2023-01-18T23:44:22.125] [WARN] default - { rute: '/user/style.css', method: 'GET' }
[2023-01-18T23:44:22.134] [WARN] default - { rute: '/user/index.js', method: 'GET' }
[2023-01-18T23:44:22.458] [WARN] default - { rute: '/favicon.ico', method: 'GET' }
[2023-01-18T23:46:46.266] [WARN] default - { rute: '/favicon.ico', method: 'GET' }
[2023-01-18T23:46:47.331] [WARN] default - { rute: '/user/style.css', method: 'GET' }
[2023-01-18T23:46:47.335] [WARN] default - { rute: '/user/index.js', method: 'GET' }
[2023-01-18T23:46:47.669] [WARN] default - { rute: '/favicon.ico', method: 'GET' }
[2023-01-18T23:49:21.674] [WARN] default - { rute: '/favicon.ico', method: 'GET' }
[2023-01-18T23:49:23.213] [WARN] default - { rute: '/user/style.css', method: 'GET' }
[2023-01-18T23:49:23.220] [WARN] default - { rute: '/user/index.js', method: 'GET' }
[2023-01-18T23:49:23.826] [WARN] default - { rute: '/favicon.ico', method: 'GET' }
[2023-01-18T23:49:25.291] [WARN] default - { rute: '/favicon.ico', method: 'GET' }
[2023-01-18T23:49:28.970] [ERROR] default - { rute: '/user/errorLogin', method: 'GET' }
[2023-01-18T23:49:29.135] [WARN] default - { rute: '/user/style.css', method: 'GET' }
[2023-01-18T23:49:29.138] [WARN] default - { rute: '/user/index.js', method: 'GET' }
[2023-01-18T23:49:29.463] [WARN] default - { rute: '/favicon.ico', method: 'GET' }
[2023-01-18T23:49:30.401] [WARN] default - { rute: '/favicon.ico', method: 'GET' }
[2023-01-18T23:49:39.975] [WARN] default - { rute: '/favicon.ico', method: 'GET' }
[2023-01-18T23:49:53.894] [WARN] default - { rute: '/user/style.css', method: 'GET' }
[2023-01-18T23:49:53.915] [WARN] default - { rute: '/user/index.js', method: 'GET' }
[2023-01-18T23:49:54.156] [WARN] default - { rute: '/favicon.ico', method: 'GET' }
[2023-01-27T21:08:49.455] [WARN] default - { rute: '/favicon.ico', method: 'GET' }
[2023-01-27T21:12:09.437] [WARN] default - { rute: '/dfs', method: 'GET' }
[2023-01-27T21:13:20.836] [WARN] default - { rute: '/dasdas', method: 'GET' }
[2023-01-27T21:14:55.764] [WARN] default - { rute: '/dasdas', method: 'GET' }
[2023-01-27T21:15:52.700] [WARN] default - { rute: '/dasdas', method: 'GET' }
[2023-01-27T21:17:39.816] [WARN] default - { rute: '/dasdas', method: 'GET' }
[2023-01-27T21:17:40.205] [WARN] default - { rute: '/logout', method: 'GET' }
[2023-01-27T21:20:47.177] [WARN] default - { rute: '/favicon.ico', method: 'GET' }
[2023-01-27T21:22:59.071] [WARN] default - { rute: '/favicon.ico', method: 'GET' }
[2023-01-27T21:23:04.122] [ERROR] default - { rute: '/user/errorLogin', method: 'GET' }
[2023-01-27T21:23:04.396] [WARN] default - { rute: '/user/style.css', method: 'GET' }
[2023-01-27T21:23:04.405] [WARN] default - { rute: '/user/index.js', method: 'GET' }
[2023-01-27T21:23:05.523] [WARN] default - { rute: '/favicon.ico', method: 'GET' }
[2023-01-27T21:23:09.721] [WARN] default - { rute: '/favicon.ico', method: 'GET' }
[2023-01-27T21:23:10.848] [WARN] default - { rute: '/user/style.css', method: 'GET' }
[2023-01-27T21:23:10.854] [WARN] default - { rute: '/user/index.js', method: 'GET' }
[2023-01-27T21:23:11.357] [WARN] default - { rute: '/favicon.ico', method: 'GET' }
[2023-01-27T21:23:16.378] [WARN] default - { rute: '/favicon.ico', method: 'GET' }
[2023-01-27T21:24:16.140] [WARN] default - { rute: '/favicon.ico', method: 'GET' }
[2023-01-27T21:24:53.274] [WARN] default - { rute: '/dasdas', method: 'GET' }
[2023-01-27T21:41:00.937] [WARN] default - { rute: '/user', method: 'GET' }
[2023-01-27T21:41:17.013] [WARN] default - { rute: '/favicon.ico', method: 'GET' }
[2023-01-27T21:42:27.360] [WARN] default - { rute: '/user/style.css', method: 'GET' }
[2023-01-27T21:42:27.366] [WARN] default - { rute: '/user/index.js', method: 'GET' }
[2023-01-27T21:42:28.590] [WARN] default - { rute: '/favicon.ico', method: 'GET' }
[2023-01-27T21:42:30.468] [WARN] default - { rute: '/favicon.ico', method: 'GET' }
[2023-01-27T21:42:31.353] [ERROR] default - { rute: '/user/errorLogin', method: 'GET' }
[2023-01-27T21:42:31.557] [WARN] default - { rute: '/user/style.css', method: 'GET' }
[2023-01-27T21:42:31.565] [WARN] default - { rute: '/user/index.js', method: 'GET' }
[2023-01-27T21:42:32.079] [WARN] default - { rute: '/favicon.ico', method: 'GET' }
[2023-01-27T21:43:13.293] [WARN] default - { rute: '/favicon.ico', method: 'GET' }
[2023-01-27T21:43:22.302] [WARN] default - { rute: '/favicon.ico', method: 'GET' }
[2023-01-27T21:55:43.786] [WARN] default - { rute: '/favicon.ico', method: 'GET' }
[2023-01-27T21:55:50.692] [WARN] default - { rute: '/favicon.ico', method: 'GET' }
[2023-01-27T21:56:55.670] [WARN] default - { rute: '/favicon.ico', method: 'GET' }
[2023-01-27T21:58:56.438] [WARN] default - { rute: '/user/style.css', method: 'GET' }
[2023-01-27T21:58:57.061] [WARN] default - { rute: '/user/index.js', method: 'GET' }
[2023-01-27T21:58:57.368] [WARN] default - { rute: '/favicon.ico', method: 'GET' }
[2023-01-27T21:58:58.617] [WARN] default - { rute: '/favicon.ico', method: 'GET' }
[2023-01-27T22:00:11.153] [WARN] default - { rute: '/favicon.ico', method: 'GET' }
[2023-01-27T22:00:24.554] [WARN] default - { rute: '/favicon.ico', method: 'GET' }
[2023-02-07T19:53:10.973] [WARN] default - { rute: '/favicon.ico', method: 'GET' }
[2023-02-07T19:53:17.688] [WARN] default - { rute: '/graphql', method: 'GET' }
[2023-02-07T19:53:18.059] [WARN] default - { rute: '/favicon.ico', method: 'GET' }
[2023-02-07T19:53:59.107] [WARN] default - { rute: '/favicon.ico', method: 'GET' }
[2023-02-07T19:54:04.535] [WARN] default - { rute: '/favicon.ico', method: 'GET' }
[2023-02-07T19:54:14.522] [WARN] default - { rute: '/favicon.ico', method: 'GET' }
[2023-02-07T19:54:15.117] [WARN] default - { rute: '/favicon.ico', method: 'GET' }
[2023-02-07T19:54:15.422] [WARN] default - { rute: '/favicon.ico', method: 'GET' }
[2023-02-07T19:54:15.926] [WARN] default - { rute: '/favicon.ico', method: 'GET' }
[2023-02-07T19:54:16.698] [WARN] default - { rute: '/favicon.ico', method: 'GET' }
[2023-02-07T19:54:16.824] [WARN] default - { rute: '/favicon.ico', method: 'GET' }
[2023-02-07T19:54:17.322] [WARN] default - { rute: '/favicon.ico', method: 'GET' }
[2023-02-07T19:54:19.335] [WARN] default - { rute: '/favicon.ico', method: 'GET' }
[2023-02-07T19:54:20.441] [WARN] default - { rute: '/favicon.ico', method: 'GET' }
[2023-02-07T19:54:20.701] [WARN] default - { rute: '/favicon.ico', method: 'GET' }
[2023-02-07T19:54:21.071] [WARN] default - { rute: '/favicon.ico', method: 'GET' }
[2023-02-07T19:54:24.719] [WARN] default - { rute: '/favicon.ico', method: 'GET' }
[2023-02-07T19:54:24.869] [WARN] default - { rute: '/favicon.ico', method: 'GET' }
[2023-02-07T19:54:25.040] [WARN] default - { rute: '/favicon.ico', method: 'GET' }
[2023-02-07T19:54:25.245] [WARN] default - { rute: '/favicon.ico', method: 'GET' }
[2023-02-07T19:54:25.441] [WARN] default - { rute: '/favicon.ico', method: 'GET' }
[2023-02-07T19:54:25.681] [WARN] default - { rute: '/favicon.ico', method: 'GET' }
[2023-02-07T19:54:27.736] [WARN] default - { rute: '/favicon.ico', method: 'GET' }
[2023-02-07T19:54:27.937] [WARN] default - { rute: '/favicon.ico', method: 'GET' }
[2023-02-07T19:54:28.300] [WARN] default - { rute: '/favicon.ico', method: 'GET' }
[2023-02-07T19:54:30.162] [WARN] default - { rute: '/favicon.ico', method: 'GET' }
[2023-02-07T19:54:30.741] [WARN] default - { rute: '/favicon.ico', method: 'GET' }
[2023-02-07T19:54:32.437] [WARN] default - { rute: '/favicon.ico', method: 'GET' }
[2023-02-07T19:54:33.106] [WARN] default - { rute: '/favicon.ico', method: 'GET' }
[2023-02-07T19:54:33.445] [WARN] default - { rute: '/favicon.ico', method: 'GET' }
[2023-02-07T19:54:33.691] [WARN] default - { rute: '/favicon.ico', method: 'GET' }
[2023-02-07T19:54:34.671] [WARN] default - { rute: '/favicon.ico', method: 'GET' }
[2023-02-07T19:54:35.003] [WARN] default - { rute: '/favicon.ico', method: 'GET' }
[2023-02-07T19:54:35.327] [WARN] default - { rute: '/favicon.ico', method: 'GET' }
[2023-02-07T19:54:36.450] [WARN] default - { rute: '/favicon.ico', method: 'GET' }
[2023-02-07T19:54:36.986] [WARN] default - { rute: '/favicon.ico', method: 'GET' }
[2023-02-07T19:54:37.250] [WARN] default - { rute: '/favicon.ico', method: 'GET' }
[2023-02-07T19:54:38.750] [WARN] default - { rute: '/favicon.ico', method: 'GET' }
[2023-02-07T19:55:04.779] [WARN] default - { rute: '/favicon.ico', method: 'GET' }
[2023-02-07T19:55:06.043] [WARN] default - { rute: '/favicon.ico', method: 'GET' }
[2023-02-07T19:55:06.512] [WARN] default - { rute: '/favicon.ico', method: 'GET' }
[2023-02-07T19:55:06.943] [WARN] default - { rute: '/favicon.ico', method: 'GET' }
[2023-02-07T19:55:07.510] [WARN] default - { rute: '/favicon.ico', method: 'GET' }
[2023-02-07T19:55:07.701] [WARN] default - { rute: '/favicon.ico', method: 'GET' }
[2023-02-07T19:55:09.848] [WARN] default - { rute: '/favicon.ico', method: 'GET' }
[2023-02-07T19:55:23.377] [WARN] default - { rute: '/favicon.ico', method: 'GET' }
[2023-02-07T19:55:23.626] [WARN] default - { rute: '/favicon.ico', method: 'GET' }
[2023-02-07T19:55:25.362] [WARN] default - { rute: '/favicon.ico', method: 'GET' }
[2023-02-07T19:55:26.439] [WARN] default - { rute: '/favicon.ico', method: 'GET' }
[2023-02-07T19:55:26.708] [WARN] default - { rute: '/favicon.ico', method: 'GET' }
[2023-02-07T19:55:27.801] [WARN] default - { rute: '/favicon.ico', method: 'GET' }
[2023-02-07T20:00:36.928] [WARN] default - { rute: '/favicon.ico', method: 'GET' }
[2023-02-07T20:00:43.508] [WARN] default - { rute: '/favicon.ico', method: 'GET' }
[2023-02-07T20:00:50.141] [WARN] default - { rute: '/favicon.ico', method: 'GET' }
[2023-02-07T20:00:52.917] [WARN] default - { rute: '/favicon.ico', method: 'GET' }
[2023-02-07T20:00:53.170] [WARN] default - { rute: '/favicon.ico', method: 'GET' }
[2023-02-07T20:00:53.609] [WARN] default - { rute: '/favicon.ico', method: 'GET' }
[2023-02-07T20:00:54.762] [WARN] default - { rute: '/favicon.ico', method: 'GET' }
[2023-02-07T20:00:58.440] [WARN] default - { rute: '/favicon.ico', method: 'GET' }
[2023-02-07T20:01:00.003] [WARN] default - { rute: '/favicon.ico', method: 'GET' }
[2023-02-07T20:01:02.152] [WARN] default - { rute: '/favicon.ico', method: 'GET' }
[2023-02-07T20:01:02.510] [WARN] default - { rute: '/favicon.ico', method: 'GET' }
[2023-02-07T20:01:02.791] [WARN] default - { rute: '/favicon.ico', method: 'GET' }
[2023-02-07T20:01:05.029] [WARN] default - { rute: '/favicon.ico', method: 'GET' }
[2023-02-07T20:01:05.612] [WARN] default - { rute: '/favicon.ico', method: 'GET' }
[2023-02-07T20:01:05.918] [WARN] default - { rute: '/favicon.ico', method: 'GET' }
[2023-02-07T20:01:06.744] [WARN] default - { rute: '/favicon.ico', method: 'GET' }
[2023-02-07T20:01:06.966] [WARN] default - { rute: '/favicon.ico', method: 'GET' }
[2023-02-07T20:01:07.198] [WARN] default - { rute: '/favicon.ico', method: 'GET' }
[2023-02-07T20:01:08.131] [WARN] default - { rute: '/favicon.ico', method: 'GET' }
[2023-02-07T20:01:08.348] [WARN] default - { rute: '/favicon.ico', method: 'GET' }
[2023-02-07T20:01:08.806] [WARN] default - { rute: '/favicon.ico', method: 'GET' }
[2023-02-07T20:01:09.732] [WARN] default - { rute: '/favicon.ico', method: 'GET' }
[2023-02-07T20:01:09.883] [WARN] default - { rute: '/favicon.ico', method: 'GET' }
[2023-02-07T20:01:11.066] [WARN] default - { rute: '/favicon.ico', method: 'GET' }
[2023-02-07T20:01:12.154] [WARN] default - { rute: '/favicon.ico', method: 'GET' }
[2023-02-07T20:05:31.362] [WARN] default - { rute: '/favicon.ico', method: 'GET' }
[2023-02-07T20:05:32.790] [WARN] default - { rute: '/favicon.ico', method: 'GET' }
[2023-02-07T20:05:33.214] [WARN] default - { rute: '/favicon.ico', method: 'GET' }
[2023-02-07T20:05:34.520] [WARN] default - { rute: '/favicon.ico', method: 'GET' }
[2023-02-07T20:05:36.009] [WARN] default - { rute: '/favicon.ico', method: 'GET' }
[2023-02-07T20:05:36.490] [WARN] default - { rute: '/favicon.ico', method: 'GET' }
[2023-02-07T20:05:36.938] [WARN] default - { rute: '/favicon.ico', method: 'GET' }
[2023-02-07T20:05:38.068] [WARN] default - { rute: '/favicon.ico', method: 'GET' }
[2023-02-07T20:05:40.992] [WARN] default - { rute: '/favicon.ico', method: 'GET' }
[2023-02-07T20:06:31.681] [WARN] default - { rute: '/favicon.ico', method: 'GET' }
[2023-02-07T20:06:31.934] [WARN] default - { rute: '/favicon.ico', method: 'GET' }
[2023-02-07T20:06:32.517] [WARN] default - { rute: '/favicon.ico', method: 'GET' }
[2023-02-07T20:06:33.306] [WARN] default - { rute: '/favicon.ico', method: 'GET' }
[2023-02-07T20:06:33.658] [WARN] default - { rute: '/favicon.ico', method: 'GET' }
[2023-02-07T20:06:34.016] [WARN] default - { rute: '/favicon.ico', method: 'GET' }
[2023-02-07T20:06:34.933] [WARN] default - { rute: '/favicon.ico', method: 'GET' }
[2023-02-07T20:06:35.398] [WARN] default - { rute: '/favicon.ico', method: 'GET' }
[2023-02-07T20:06:36.079] [WARN] default - { rute: '/favicon.ico', method: 'GET' }
[2023-02-07T20:06:37.006] [WARN] default - { rute: '/favicon.ico', method: 'GET' }
[2023-02-07T20:06:37.925] [WARN] default - { rute: '/favicon.ico', method: 'GET' }
[2023-02-07T20:06:38.619] [WARN] default - { rute: '/favicon.ico', method: 'GET' }
[2023-02-07T20:06:39.018] [WARN] default - { rute: '/favicon.ico', method: 'GET' }
[2023-02-07T20:06:39.232] [WARN] default - { rute: '/favicon.ico', method: 'GET' }
[2023-02-07T20:06:40.585] [WARN] default - { rute: '/favicon.ico', method: 'GET' }
[2023-02-07T20:06:42.023] [WARN] default - { rute: '/favicon.ico', method: 'GET' }
[2023-02-07T20:06:42.379] [WARN] default - { rute: '/favicon.ico', method: 'GET' }
[2023-02-07T20:06:43.542] [WARN] default - { rute: '/favicon.ico', method: 'GET' }
[2023-02-07T20:06:44.032] [WARN] default - { rute: '/favicon.ico', method: 'GET' }
[2023-02-07T20:06:44.292] [WARN] default - { rute: '/favicon.ico', method: 'GET' }
[2023-02-07T20:06:45.131] [WARN] default - { rute: '/favicon.ico', method: 'GET' }
[2023-02-07T20:06:45.377] [WARN] default - { rute: '/favicon.ico', method: 'GET' }
[2023-02-07T20:06:45.627] [WARN] default - { rute: '/favicon.ico', method: 'GET' }
[2023-02-07T20:06:46.545] [WARN] default - { rute: '/favicon.ico', method: 'GET' }
[2023-02-07T20:06:49.137] [WARN] default - { rute: '/favicon.ico', method: 'GET' }
[2023-02-07T20:06:49.566] [WARN] default - { rute: '/favicon.ico', method: 'GET' }
[2023-02-07T20:06:49.975] [WARN] default - { rute: '/favicon.ico', method: 'GET' }
[2023-02-07T20:06:50.671] [WARN] default - { rute: '/favicon.ico', method: 'GET' }
[2023-02-07T20:06:50.881] [WARN] default - { rute: '/favicon.ico', method: 'GET' }
[2023-02-07T20:06:51.230] [WARN] default - { rute: '/favicon.ico', method: 'GET' }
[2023-02-07T20:06:51.687] [WARN] default - { rute: '/favicon.ico', method: 'GET' }
[2023-02-07T20:06:51.897] [WARN] default - { rute: '/favicon.ico', method: 'GET' }
[2023-02-07T20:06:52.439] [WARN] default - { rute: '/favicon.ico', method: 'GET' }
[2023-02-07T20:06:52.990] [WARN] default - { rute: '/favicon.ico', method: 'GET' }
[2023-02-07T20:06:53.608] [WARN] default - { rute: '/favicon.ico', method: 'GET' }
[2023-02-07T20:06:54.645] [WARN] default - { rute: '/favicon.ico', method: 'GET' }
[2023-02-07T20:06:54.959] [WARN] default - { rute: '/favicon.ico', method: 'GET' }
[2023-02-07T20:06:55.751] [WARN] default - { rute: '/favicon.ico', method: 'GET' }
[2023-02-07T20:06:56.106] [WARN] default - { rute: '/favicon.ico', method: 'GET' }
[2023-02-07T20:06:56.380] [WARN] default - { rute: '/favicon.ico', method: 'GET' }
[2023-02-07T20:06:58.256] [WARN] default - { rute: '/favicon.ico', method: 'GET' }
[2023-02-07T20:06:58.530] [WARN] default - { rute: '/favicon.ico', method: 'GET' }
[2023-02-07T20:06:59.266] [WARN] default - { rute: '/favicon.ico', method: 'GET' }
[2023-02-07T20:06:59.858] [WARN] default - { rute: '/favicon.ico', method: 'GET' }
[2023-02-07T20:07:00.069] [WARN] default - { rute: '/favicon.ico', method: 'GET' }
[2023-02-07T20:07:27.611] [WARN] default - { rute: '/favicon.ico', method: 'GET' }
[2023-02-07T20:07:28.229] [WARN] default - { rute: '/favicon.ico', method: 'GET' }
[2023-02-07T20:18:30.899] [WARN] default - { rute: '/favicon.ico', method: 'GET' }
[2023-02-07T20:18:37.135] [WARN] default - { rute: '/favicon.ico', method: 'GET' }
[2023-02-07T20:18:48.457] [WARN] default - { rute: '/favicon.ico', method: 'GET' }
[2023-02-07T20:18:54.866] [WARN] default - { rute: '/favicon.ico', method: 'GET' }
[2023-02-07T20:18:55.711] [WARN] default - { rute: '/favicon.ico', method: 'GET' }
[2023-02-07T20:18:55.883] [WARN] default - { rute: '/favicon.ico', method: 'GET' }
[2023-02-07T20:18:56.446] [WARN] default - { rute: '/favicon.ico', method: 'GET' }
[2023-02-07T20:18:56.672] [WARN] default - { rute: '/favicon.ico', method: 'GET' }
[2023-02-07T20:18:57.039] [WARN] default - { rute: '/favicon.ico', method: 'GET' }
[2023-02-07T20:18:58.194] [WARN] default - { rute: '/favicon.ico', method: 'GET' }
[2023-02-07T20:18:58.496] [WARN] default - { rute: '/favicon.ico', method: 'GET' }
[2023-02-07T20:18:58.796] [WARN] default - { rute: '/favicon.ico', method: 'GET' }
[2023-02-07T20:18:58.925] [WARN] default - { rute: '/favicon.ico', method: 'GET' }
[2023-02-07T20:18:59.179] [WARN] default - { rute: '/favicon.ico', method: 'GET' }
[2023-02-07T20:18:59.734] [WARN] default - { rute: '/favicon.ico', method: 'GET' }
[2023-02-07T20:19:01.307] [WARN] default - { rute: '/favicon.ico', method: 'GET' }
[2023-02-07T20:19:01.755] [WARN] default - { rute: '/favicon.ico', method: 'GET' }
[2023-02-07T20:19:02.212] [WARN] default - { rute: '/favicon.ico', method: 'GET' }
[2023-02-07T20:19:03.808] [WARN] default - { rute: '/favicon.ico', method: 'GET' }
[2023-02-07T20:19:04.063] [WARN] default - { rute: '/favicon.ico', method: 'GET' }
[2023-02-07T20:19:04.306] [WARN] default - { rute: '/favicon.ico', method: 'GET' }
[2023-02-07T20:19:05.020] [WARN] default - { rute: '/favicon.ico', method: 'GET' }
[2023-02-07T20:19:44.305] [WARN] default - { rute: '/favicon.ico', method: 'GET' }
[2023-02-07T20:19:45.210] [WARN] default - { rute: '/favicon.ico', method: 'GET' }
[2023-02-07T20:19:48.532] [WARN] default - { rute: '/favicon.ico', method: 'GET' }
[2023-02-07T21:02:14.687] [WARN] default - { rute: '/favicon.ico', method: 'GET' }
[2023-02-07T21:02:15.744] [WARN] default - { rute: '/favicon.ico', method: 'GET' }
[2023-02-07T21:02:16.703] [WARN] default - { rute: '/favicon.ico', method: 'GET' }
[2023-02-07T21:02:17.312] [WARN] default - { rute: '/favicon.ico', method: 'GET' }
[2023-02-07T21:02:17.768] [WARN] default - { rute: '/favicon.ico', method: 'GET' }
[2023-02-07T21:02:18.220] [WARN] default - { rute: '/favicon.ico', method: 'GET' }
[2023-02-07T21:02:19.132] [WARN] default - { rute: '/favicon.ico', method: 'GET' }
[2023-02-07T21:02:20.570] [WARN] default - { rute: '/favicon.ico', method: 'GET' }
[2023-02-07T21:02:21.509] [WARN] default - { rute: '/favicon.ico', method: 'GET' }
[2023-02-07T21:02:24.038] [WARN] default - { rute: '/favicon.ico', method: 'GET' }
[2023-02-07T21:02:24.486] [WARN] default - { rute: '/favicon.ico', method: 'GET' }
[2023-02-07T21:02:24.686] [WARN] default - { rute: '/favicon.ico', method: 'GET' }
[2023-02-07T21:02:25.009] [WARN] default - { rute: '/favicon.ico', method: 'GET' }
[2023-02-07T21:02:25.336] [WARN] default - { rute: '/favicon.ico', method: 'GET' }
[2023-02-07T21:02:25.819] [WARN] default - { rute: '/favicon.ico', method: 'GET' }
[2023-02-07T21:02:26.010] [WARN] default - { rute: '/favicon.ico', method: 'GET' }
[2023-02-07T21:02:26.510] [WARN] default - { rute: '/favicon.ico', method: 'GET' }
[2023-02-07T21:02:27.066] [WARN] default - { rute: '/favicon.ico', method: 'GET' }
[2023-02-07T21:06:39.965] [WARN] default - { rute: '/favicon.ico', method: 'GET' }
[2023-02-07T21:06:41.348] [WARN] default - { rute: '/favicon.ico', method: 'GET' }
[2023-02-07T21:06:41.781] [WARN] default - { rute: '/favicon.ico', method: 'GET' }
[2023-02-07T21:06:42.200] [WARN] default - { rute: '/favicon.ico', method: 'GET' }
[2023-02-07T21:06:42.499] [WARN] default - { rute: '/favicon.ico', method: 'GET' }
[2023-02-07T21:06:43.988] [WARN] default - { rute: '/favicon.ico', method: 'GET' }
[2023-02-07T21:06:44.271] [WARN] default - { rute: '/favicon.ico', method: 'GET' }
[2023-02-07T21:06:45.169] [WARN] default - { rute: '/favicon.ico', method: 'GET' }
[2023-02-07T21:06:45.451] [WARN] default - { rute: '/favicon.ico', method: 'GET' }
[2023-02-07T21:06:46.622] [WARN] default - { rute: '/favicon.ico', method: 'GET' }
[2023-02-07T21:06:46.929] [WARN] default - { rute: '/favicon.ico', method: 'GET' }
[2023-02-07T21:06:48.400] [WARN] default - { rute: '/favicon.ico', method: 'GET' }
[2023-02-07T21:06:48.789] [WARN] default - { rute: '/favicon.ico', method: 'GET' }
[2023-02-07T21:06:50.534] [WARN] default - { rute: '/favicon.ico', method: 'GET' }
[2023-02-07T21:06:50.830] [WARN] default - { rute: '/favicon.ico', method: 'GET' }
[2023-02-07T21:06:52.339] [WARN] default - { rute: '/favicon.ico', method: 'GET' }
